[INFO] Scanning for projects...
[WARNING] 
[WARNING] Some problems were encountered while building the effective model for fr.inria.gforge.spoon:spoon-core:jar:6.3.0-SNAPSHOT
[WARNING] 'build.plugins.plugin.version' for org.pitest:pitest-maven is missing. @ line 478, column 15
[WARNING] 
[WARNING] It is highly recommended to fix these problems because they threaten the stability of your build.
[WARNING] 
[WARNING] For this reason, future Maven versions might no longer support building such malformed projects.
[WARNING] 
[INFO] Inspecting build with total of 1 modules...
[INFO] Installing Nexus Staging features:
[INFO]   ... total of 1 executions of maven-deploy-plugin replaced with nexus-staging-maven-plugin
[INFO]                                                                         
[INFO] ------------------------------------------------------------------------
[INFO] Building Spoon Core 6.3.0-SNAPSHOT
[INFO] ------------------------------------------------------------------------
[INFO] 
[INFO] --- maven-enforcer-plugin:1.0:enforce (enforce-maven) @ spoon-core ---
[INFO] Skipping Rule Enforcement.
[INFO] 
[INFO] --- jacoco-maven-plugin:0.7.9:prepare-agent (default) @ spoon-core ---
[INFO] argLine set to -javaagent:/root/./workspace/INRIA/spoon/369997088/.m2/org/jacoco/org.jacoco.agent/0.7.9/org.jacoco.agent-0.7.9-runtime.jar=destfile=/root/workspace/INRIA/spoon/369997088/target/jacoco.exec
[INFO] 
[INFO] --- maven-resources-plugin:2.6:resources (default-resources) @ spoon-core ---
[INFO] Using 'UTF-8' encoding to copy filtered resources.
[INFO] Copying 3 resources
[INFO] Copying 1 resource
[INFO] 
[INFO] --- maven-compiler-plugin:3.7.0:compile (default-compile) @ spoon-core ---
[INFO] Compiling 24 source files to /root/workspace/INRIA/spoon/369997088/target/classes
[WARNING] /root/workspace/INRIA/spoon/369997088/src/main/java/spoon/reflect/visitor/DefaultJavaPrettyPrinter.java:[989,61] unchecked method invocation: method visitCtTypeReference in class spoon.reflect.visitor.DefaultJavaPrettyPrinter is applied to given types
  required: spoon.reflect.reference.CtTypeReference<T>
  found: spoon.reflect.reference.CtTypeReference
[WARNING] /root/workspace/INRIA/spoon/369997088/src/main/java/spoon/reflect/visitor/DefaultJavaPrettyPrinter.java:[989,62] unchecked conversion
  required: spoon.reflect.reference.CtTypeReference<T>
  found:    spoon.reflect.reference.CtTypeReference
[WARNING] /root/workspace/INRIA/spoon/369997088/src/main/java/spoon/reflect/visitor/DefaultJavaPrettyPrinter.java:[995,67] unchecked method invocation: method visitCtExecutableReference in class spoon.reflect.visitor.DefaultJavaPrettyPrinter is applied to given types
  required: spoon.reflect.reference.CtExecutableReference<T>
  found: spoon.reflect.reference.CtExecutableReference
[WARNING] /root/workspace/INRIA/spoon/369997088/src/main/java/spoon/reflect/visitor/DefaultJavaPrettyPrinter.java:[995,68] unchecked conversion
  required: spoon.reflect.reference.CtExecutableReference<T>
  found:    spoon.reflect.reference.CtExecutableReference
[WARNING] /root/workspace/INRIA/spoon/369997088/src/main/java/spoon/reflect/visitor/DefaultJavaPrettyPrinter.java:[1001,62] unchecked method invocation: method visitCtFieldReference in class spoon.reflect.visitor.DefaultJavaPrettyPrinter is applied to given types
  required: spoon.reflect.reference.CtFieldReference<T>
  found: spoon.reflect.reference.CtFieldReference
[WARNING] /root/workspace/INRIA/spoon/369997088/src/main/java/spoon/reflect/visitor/DefaultJavaPrettyPrinter.java:[1001,63] unchecked conversion
  required: spoon.reflect.reference.CtFieldReference<T>
  found:    spoon.reflect.reference.CtFieldReference
[WARNING] /root/workspace/INRIA/spoon/369997088/src/main/java/spoon/reflect/visitor/DefaultJavaPrettyPrinter.java:[1013,61] unchecked method invocation: method visitCtTypeReference in class spoon.reflect.visitor.DefaultJavaPrettyPrinter is applied to given types
  required: spoon.reflect.reference.CtTypeReference<T>
  found: spoon.reflect.reference.CtTypeReference
[WARNING] /root/workspace/INRIA/spoon/369997088/src/main/java/spoon/reflect/visitor/DefaultJavaPrettyPrinter.java:[1013,62] unchecked conversion
  required: spoon.reflect.reference.CtTypeReference<T>
  found:    spoon.reflect.reference.CtTypeReference
[WARNING] /root/workspace/INRIA/spoon/369997088/src/main/java/spoon/reflect/visitor/AccessibleVariablesFinder.java:[118,49] unchecked method invocation: method addAll in interface java.util.List is applied to given types
  required: java.util.Collection<? extends E>
  found: java.util.List
[WARNING] /root/workspace/INRIA/spoon/369997088/src/main/java/spoon/reflect/visitor/AccessibleVariablesFinder.java:[118,65] unchecked conversion
  required: java.util.Collection<? extends E>
  found:    java.util.List
[WARNING] /root/workspace/INRIA/spoon/369997088/src/main/java/spoon/reflect/visitor/AccessibleVariablesFinder.java:[119,55] unchecked method invocation: method scanCtExecutable in class spoon.reflect.visitor.CtInheritanceScanner is applied to given types
  required: spoon.reflect.declaration.CtExecutable<R>
  found: spoon.reflect.declaration.CtExecutable
[WARNING] /root/workspace/INRIA/spoon/369997088/src/main/java/spoon/reflect/visitor/AccessibleVariablesFinder.java:[119,56] unchecked conversion
  required: spoon.reflect.declaration.CtExecutable<R>
  found:    spoon.reflect.declaration.CtExecutable
[WARNING] /root/workspace/INRIA/spoon/369997088/src/main/java/spoon/reflect/visitor/AccessibleVariablesFinder.java:[139,52] unchecked method invocation: method visitCtMethod in class spoon.reflect.visitor.CtInheritanceScanner is applied to given types
  required: spoon.reflect.declaration.CtMethod<T>
  found: spoon.reflect.declaration.CtMethod
[WARNING] /root/workspace/INRIA/spoon/369997088/src/main/java/spoon/reflect/visitor/AccessibleVariablesFinder.java:[139,53] unchecked conversion
  required: spoon.reflect.declaration.CtMethod<T>
  found:    spoon.reflect.declaration.CtMethod
[WARNING] /root/workspace/INRIA/spoon/369997088/src/main/java/spoon/reflect/visitor/AccessibleVariablesFinder.java:[145,59] unchecked method invocation: method visitCtLocalVariable in class spoon.reflect.visitor.CtInheritanceScanner is applied to given types
  required: spoon.reflect.code.CtLocalVariable<T>
  found: spoon.reflect.code.CtLocalVariable
[WARNING] /root/workspace/INRIA/spoon/369997088/src/main/java/spoon/reflect/visitor/AccessibleVariablesFinder.java:[145,60] unchecked conversion
  required: spoon.reflect.code.CtLocalVariable<T>
  found:    spoon.reflect.code.CtLocalVariable
[WARNING] /root/workspace/INRIA/spoon/369997088/src/main/java/spoon/support/DefaultCoreFactory.java:[386,24] unchecked conversion
  required: spoon.reflect.reference.CtUnboundVariableReference<T>
  found:    spoon.reflect.reference.CtUnboundVariableReference
[WARNING] /root/workspace/INRIA/spoon/369997088/src/main/java/spoon/support/reflect/declaration/CtElementImpl.java:[218,36] unchecked cast
  required: E
  found:    spoon.support.reflect.declaration.CtElementImpl
[WARNING] /root/workspace/INRIA/spoon/369997088/src/main/java/spoon/support/reflect/declaration/CtElementImpl.java:[225,28] unchecked cast
  required: E
  found:    spoon.support.reflect.declaration.CtElementImpl
[WARNING] /root/workspace/INRIA/spoon/369997088/src/main/java/spoon/support/reflect/declaration/CtElementImpl.java:[236,36] unchecked cast
  required: E
  found:    spoon.support.reflect.declaration.CtElementImpl
[WARNING] /root/workspace/INRIA/spoon/369997088/src/main/java/spoon/support/reflect/declaration/CtElementImpl.java:[244,28] unchecked cast
  required: E
  found:    spoon.support.reflect.declaration.CtElementImpl
[WARNING] /root/workspace/INRIA/spoon/369997088/src/main/java/spoon/support/reflect/declaration/CtElementImpl.java:[259,44] unchecked cast
  required: E
  found:    spoon.support.reflect.declaration.CtElementImpl
[WARNING] /root/workspace/INRIA/spoon/369997088/src/main/java/spoon/support/reflect/declaration/CtElementImpl.java:[263,28] unchecked cast
  required: E
  found:    spoon.support.reflect.declaration.CtElementImpl
[WARNING] /root/workspace/INRIA/spoon/369997088/src/main/java/spoon/support/reflect/declaration/CtElementImpl.java:[272,28] unchecked cast
  required: E
  found:    spoon.support.reflect.declaration.CtElementImpl
[WARNING] /root/workspace/INRIA/spoon/369997088/src/main/java/spoon/support/reflect/declaration/CtElementImpl.java:[282,28] unchecked cast
  required: E
  found:    spoon.support.reflect.declaration.CtElementImpl
[WARNING] /root/workspace/INRIA/spoon/369997088/src/main/java/spoon/support/reflect/declaration/CtElementImpl.java:[319,28] unchecked cast
  required: E
  found:    spoon.support.reflect.declaration.CtElementImpl
[WARNING] /root/workspace/INRIA/spoon/369997088/src/main/java/spoon/support/reflect/declaration/CtElementImpl.java:[371,28] unchecked cast
  required: E
  found:    spoon.support.reflect.declaration.CtElementImpl
[WARNING] /root/workspace/INRIA/spoon/369997088/src/main/java/spoon/support/reflect/declaration/CtElementImpl.java:[476,28] unchecked cast
  required: E
  found:    spoon.support.reflect.declaration.CtElementImpl
[WARNING] /root/workspace/INRIA/spoon/369997088/src/main/java/spoon/support/reflect/declaration/CtElementImpl.java:[490,43] unchecked conversion
  required: java.util.Set<java.lang.String>
  found:    java.util.Set
[WARNING] /root/workspace/INRIA/spoon/369997088/src/main/java/spoon/support/reflect/declaration/CtElementImpl.java:[503,36] unchecked cast
  required: E
  found:    spoon.support.reflect.declaration.CtElementImpl
[WARNING] /root/workspace/INRIA/spoon/369997088/src/main/java/spoon/support/reflect/declaration/CtElementImpl.java:[511,28] unchecked cast
  required: E
  found:    spoon.support.reflect.declaration.CtElementImpl
[WARNING] /root/workspace/INRIA/spoon/369997088/src/main/java/spoon/support/reflect/declaration/CtElementImpl.java:[517,36] unchecked cast
  required: E
  found:    spoon.support.reflect.declaration.CtElementImpl
[WARNING] /root/workspace/INRIA/spoon/369997088/src/main/java/spoon/support/reflect/declaration/CtElementImpl.java:[521,28] unchecked cast
  required: E
  found:    spoon.support.reflect.declaration.CtElementImpl
[WARNING] /root/workspace/INRIA/spoon/369997088/src/main/java/spoon/support/reflect/declaration/CtElementImpl.java:[528,36] unchecked cast
  required: E
  found:    spoon.support.reflect.declaration.CtElementImpl
[WARNING] /root/workspace/INRIA/spoon/369997088/src/main/java/spoon/support/reflect/declaration/CtElementImpl.java:[535,28] unchecked cast
  required: E
  found:    spoon.support.reflect.declaration.CtElementImpl
[WARNING] /root/workspace/INRIA/spoon/369997088/src/main/java/spoon/support/reflect/declaration/CtElementImpl.java:[553,28] unchecked cast
  required: E
  found:    spoon.support.reflect.declaration.CtElementImpl
[WARNING] /root/workspace/INRIA/spoon/369997088/src/main/java/spoon/support/reflect/declaration/CtTypeImpl.java:[119,36] unchecked cast
  required: C
  found:    spoon.support.reflect.declaration.CtTypeImpl<T>
[WARNING] /root/workspace/INRIA/spoon/369997088/src/main/java/spoon/support/reflect/declaration/CtTypeImpl.java:[135,102] unchecked call to compare(T,T) as a member of the raw type java.util.Comparator
[WARNING] /root/workspace/INRIA/spoon/369997088/src/main/java/spoon/support/reflect/declaration/CtTypeImpl.java:[147,36] unchecked cast
  required: C
  found:    spoon.support.reflect.declaration.CtTypeImpl<T>
[WARNING] /root/workspace/INRIA/spoon/369997088/src/main/java/spoon/support/reflect/declaration/CtTypeImpl.java:[173,28] unchecked cast
  required: C
  found:    spoon.support.reflect.declaration.CtTypeImpl<T>
[WARNING] /root/workspace/INRIA/spoon/369997088/src/main/java/spoon/support/reflect/declaration/CtTypeImpl.java:[213,36] unchecked cast
  required: C
  found:    spoon.support.reflect.declaration.CtTypeImpl<T>
[WARNING] /root/workspace/INRIA/spoon/369997088/src/main/java/spoon/support/reflect/declaration/CtTypeImpl.java:[219,28] unchecked cast
  required: C
  found:    spoon.support.reflect.declaration.CtTypeImpl<T>
[WARNING] /root/workspace/INRIA/spoon/369997088/src/main/java/spoon/support/reflect/declaration/CtTypeImpl.java:[242,36] unchecked cast
  required: C
  found:    spoon.support.reflect.declaration.CtTypeImpl<T>
[WARNING] /root/workspace/INRIA/spoon/369997088/src/main/java/spoon/support/reflect/declaration/CtTypeImpl.java:[249,28] unchecked cast
  required: C
  found:    spoon.support.reflect.declaration.CtTypeImpl<T>
[WARNING] /root/workspace/INRIA/spoon/369997088/src/main/java/spoon/support/reflect/declaration/CtTypeImpl.java:[307,36] unchecked cast
  required: C
  found:    spoon.support.reflect.declaration.CtTypeImpl<T>
[WARNING] /root/workspace/INRIA/spoon/369997088/src/main/java/spoon/support/reflect/declaration/CtTypeImpl.java:[313,28] unchecked cast
  required: C
  found:    spoon.support.reflect.declaration.CtTypeImpl<T>
[WARNING] /root/workspace/INRIA/spoon/369997088/src/main/java/spoon/support/reflect/declaration/CtTypeImpl.java:[502,28] unchecked cast
  required: C
  found:    spoon.support.reflect.declaration.CtTypeImpl<T>
[WARNING] /root/workspace/INRIA/spoon/369997088/src/main/java/spoon/support/reflect/declaration/CtTypeImpl.java:[508,28] unchecked cast
  required: C
  found:    spoon.support.reflect.declaration.CtTypeImpl<T>
[WARNING] /root/workspace/INRIA/spoon/369997088/src/main/java/spoon/support/reflect/declaration/CtTypeImpl.java:[514,28] unchecked cast
  required: C
  found:    spoon.support.reflect.declaration.CtTypeImpl<T>
[WARNING] /root/workspace/INRIA/spoon/369997088/src/main/java/spoon/support/reflect/declaration/CtTypeImpl.java:[520,28] unchecked cast
  required: C
  found:    spoon.support.reflect.declaration.CtTypeImpl<T>
[WARNING] /root/workspace/INRIA/spoon/369997088/src/main/java/spoon/support/reflect/declaration/CtTypeImpl.java:[536,28] unchecked cast
  required: T
  found:    spoon.support.reflect.declaration.CtTypeImpl<T>
[WARNING] /root/workspace/INRIA/spoon/369997088/src/main/java/spoon/support/reflect/declaration/CtTypeImpl.java:[644,36] unchecked cast
  required: C
  found:    spoon.support.reflect.declaration.CtTypeImpl<T>
[WARNING] /root/workspace/INRIA/spoon/369997088/src/main/java/spoon/support/reflect/declaration/CtTypeImpl.java:[652,28] unchecked cast
  required: C
  found:    spoon.support.reflect.declaration.CtTypeImpl<T>
[WARNING] /root/workspace/INRIA/spoon/369997088/src/main/java/spoon/support/reflect/declaration/CtTypeImpl.java:[683,36] unchecked cast
  required: C
  found:    spoon.support.reflect.declaration.CtTypeImpl<T>
[WARNING] /root/workspace/INRIA/spoon/369997088/src/main/java/spoon/support/reflect/declaration/CtTypeImpl.java:[692,28] unchecked cast
  required: C
  found:    spoon.support.reflect.declaration.CtTypeImpl<T>
[WARNING] /root/workspace/INRIA/spoon/369997088/src/main/java/spoon/support/reflect/declaration/CtTypeImpl.java:[698,36] unchecked cast
  required: C
  found:    spoon.support.reflect.declaration.CtTypeImpl<T>
[WARNING] /root/workspace/INRIA/spoon/369997088/src/main/java/spoon/support/reflect/declaration/CtTypeImpl.java:[706,28] unchecked cast
  required: C
  found:    spoon.support.reflect.declaration.CtTypeImpl<T>
[WARNING] /root/workspace/INRIA/spoon/369997088/src/main/java/spoon/support/reflect/declaration/CtTypeImpl.java:[928,117] unchecked call to ArrayList(java.util.Collection<? extends E>) as a member of the raw type java.util.ArrayList
[WARNING] /root/workspace/INRIA/spoon/369997088/src/main/java/spoon/support/reflect/declaration/CtTypeImpl.java:[928,84] unchecked method invocation: method onListDelete in interface spoon.experimental.modelobs.FineModelChangeListener is applied to given types
  required: spoon.reflect.declaration.CtElement,spoon.reflect.path.CtRole,java.util.List,java.util.Collection<? extends spoon.reflect.declaration.CtElement>
  found: spoon.support.reflect.declaration.CtTypeImpl<T>,spoon.reflect.path.CtRole,java.util.List<spoon.reflect.declaration.CtTypeMember>,java.util.ArrayList
[WARNING] /root/workspace/INRIA/spoon/369997088/src/main/java/spoon/support/reflect/declaration/CtTypeImpl.java:[928,117] unchecked conversion
  required: java.util.Collection<? extends spoon.reflect.declaration.CtElement>
  found:    java.util.ArrayList
[WARNING] /root/workspace/INRIA/spoon/369997088/src/main/java/spoon/support/reflect/declaration/CtTypeImpl.java:[931,36] unchecked cast
  required: C
  found:    spoon.support.reflect.declaration.CtTypeImpl<T>
[WARNING] /root/workspace/INRIA/spoon/369997088/src/main/java/spoon/support/reflect/declaration/CtTypeImpl.java:[936,28] unchecked cast
  required: C
  found:    spoon.support.reflect.declaration.CtTypeImpl<T>
[WARNING] /root/workspace/INRIA/spoon/369997088/src/main/java/spoon/support/reflect/declaration/CtTypeImpl.java:[943,28] unchecked cast
  required: C
  found:    spoon.support.reflect.declaration.CtTypeImpl<T>
[WARNING] /root/workspace/INRIA/spoon/369997088/src/main/java/spoon/support/reflect/declaration/CtTypeImpl.java:[950,36] unchecked cast
  required: C
  found:    spoon.support.reflect.declaration.CtTypeImpl<T>
[WARNING] /root/workspace/INRIA/spoon/369997088/src/main/java/spoon/support/reflect/declaration/CtTypeImpl.java:[960,28] unchecked cast
  required: C
  found:    spoon.support.reflect.declaration.CtTypeImpl<T>
[WARNING] /root/workspace/INRIA/spoon/369997088/src/main/java/spoon/support/reflect/declaration/CtTypeImpl.java:[977,51] unchecked conversion
  required: java.util.Set<spoon.reflect.reference.CtExecutableReference<?>>
  found:    spoon.support.util.SignatureBasedSortedSet
[WARNING] /root/workspace/INRIA/spoon/369997088/src/main/java/spoon/support/reflect/declaration/CtTypeImpl.java:[1020,28] unchecked cast
  required: E
  found:    spoon.support.reflect.declaration.CtTypeImpl<T>
[WARNING] /root/workspace/INRIA/spoon/369997088/src/main/java/spoon/support/reflect/declaration/CtTypeImpl.java:[1025,47] unchecked cast
  required: spoon.reflect.declaration.CtType<T>
  found:    spoon.reflect.declaration.CtNamedElement
[INFO] 
[INFO] --- maven-resources-plugin:2.6:testResources (default-testResources) @ spoon-core ---
[INFO] Using 'UTF-8' encoding to copy filtered resources.
[INFO] Copying 163 resources
[INFO] 
[INFO] --- maven-compiler-plugin:3.7.0:testCompile (default-testCompile) @ spoon-core ---
[INFO] Compiling 8 source files to /root/workspace/INRIA/spoon/369997088/target/test-classes
[WARNING] /root/workspace/INRIA/spoon/369997088/src/test/java/spoon/test/api/MetamodelTest.java:[70,98] unchecked method invocation: method getAnnotation in interface spoon.reflect.declaration.CtElement is applied to given types
  required: spoon.reflect.reference.CtTypeReference<A>
  found: spoon.reflect.reference.CtTypeReference
[WARNING] /root/workspace/INRIA/spoon/369997088/src/test/java/spoon/test/api/MetamodelTest.java:[70,99] unchecked conversion
  required: spoon.reflect.reference.CtTypeReference<A>
  found:    spoon.reflect.reference.CtTypeReference
[WARNING] /root/workspace/INRIA/spoon/369997088/src/test/java/spoon/test/api/MetamodelTest.java:[74,98] unchecked method invocation: method getAnnotation in interface spoon.reflect.declaration.CtElement is applied to given types
  required: spoon.reflect.reference.CtTypeReference<A>
  found: spoon.reflect.reference.CtTypeReference
[WARNING] /root/workspace/INRIA/spoon/369997088/src/test/java/spoon/test/api/MetamodelTest.java:[74,99] unchecked conversion
  required: spoon.reflect.reference.CtTypeReference<A>
  found:    spoon.reflect.reference.CtTypeReference
[WARNING] /root/workspace/INRIA/spoon/369997088/src/test/java/spoon/test/api/MetamodelTest.java:[96,45] unchecked conversion
  required: java.util.List<java.lang.String>
  found:    java.util.ArrayList
[WARNING] /root/workspace/INRIA/spoon/369997088/src/test/java/spoon/test/api/MetamodelTest.java:[119,104] unchecked method invocation: method getAnnotation in interface spoon.reflect.declaration.CtElement is applied to given types
  required: spoon.reflect.reference.CtTypeReference<A>
  found: spoon.reflect.reference.CtTypeReference
[WARNING] /root/workspace/INRIA/spoon/369997088/src/test/java/spoon/test/api/MetamodelTest.java:[119,105] unchecked conversion
  required: spoon.reflect.reference.CtTypeReference<A>
  found:    spoon.reflect.reference.CtTypeReference
[WARNING] /root/workspace/INRIA/spoon/369997088/src/test/java/spoon/test/api/MetamodelTest.java:[119,83] unchecked method invocation: method filter in interface java.util.stream.Stream is applied to given types
  required: java.util.function.Predicate<? super T>
  found: java.util.function.Predicate<spoon.reflect.declaration.CtField>
[WARNING] /root/workspace/INRIA/spoon/369997088/src/test/java/spoon/test/api/MetamodelTest.java:[119,145] unchecked call to <R,A>collect(java.util.stream.Collector<? super T,A,R>) as a member of the raw type java.util.stream.Stream
[WARNING] /root/workspace/INRIA/spoon/369997088/src/test/java/spoon/test/api/MetamodelTest.java:[119,145] unchecked cast
  required: java.util.List<spoon.reflect.declaration.CtField>
  found:    java.lang.Object
[WARNING] /root/workspace/INRIA/spoon/369997088/src/test/java/spoon/test/api/MetamodelTest.java:[133,74] unchecked method invocation: method getAnnotation in interface spoon.reflect.declaration.CtElement is applied to given types
  required: spoon.reflect.reference.CtTypeReference<A>
  found: spoon.reflect.reference.CtTypeReference
[WARNING] /root/workspace/INRIA/spoon/369997088/src/test/java/spoon/test/api/MetamodelTest.java:[133,75] unchecked conversion
  required: spoon.reflect.reference.CtTypeReference<A>
  found:    spoon.reflect.reference.CtTypeReference
[WARNING] /root/workspace/INRIA/spoon/369997088/src/test/java/spoon/test/api/MetamodelTest.java:[138,103] unchecked conversion
  required: java.util.List<spoon.reflect.code.CtFieldRead>
  found:    java.util.List
[WARNING] /root/workspace/INRIA/spoon/369997088/src/test/java/spoon/test/api/MetamodelTest.java:[147,110] unchecked call to getMethodsAnnotatedWith(spoon.reflect.reference.CtTypeReference<?>...) as a member of the raw type spoon.reflect.declaration.CtType
[WARNING] /root/workspace/INRIA/spoon/369997088/src/test/java/spoon/test/api/MetamodelTest.java:[152,85] unchecked method invocation: method getAnnotation in interface spoon.reflect.declaration.CtElement is applied to given types
  required: spoon.reflect.reference.CtTypeReference<A>
  found: spoon.reflect.reference.CtTypeReference
[WARNING] /root/workspace/INRIA/spoon/369997088/src/test/java/spoon/test/api/MetamodelTest.java:[152,86] unchecked conversion
  required: spoon.reflect.reference.CtTypeReference<A>
  found:    spoon.reflect.reference.CtTypeReference
[WARNING] /root/workspace/INRIA/spoon/369997088/src/test/java/spoon/test/api/MetamodelTest.java:[153,85] unchecked method invocation: method getAnnotation in interface spoon.reflect.declaration.CtElement is applied to given types
  required: spoon.reflect.reference.CtTypeReference<A>
  found: spoon.reflect.reference.CtTypeReference
[WARNING] /root/workspace/INRIA/spoon/369997088/src/test/java/spoon/test/api/MetamodelTest.java:[153,86] unchecked conversion
  required: spoon.reflect.reference.CtTypeReference<A>
  found:    spoon.reflect.reference.CtTypeReference
[WARNING] /root/workspace/INRIA/spoon/369997088/src/test/java/spoon/test/template/TemplateTest.java:[524,38] unchecked method invocation: method addProcessor in class spoon.Launcher is applied to given types
  required: spoon.processing.Processor<T>
  found: spoon.test.template.testclasses.logger.LoggerTemplateProcessor
[WARNING] /root/workspace/INRIA/spoon/369997088/src/test/java/spoon/test/template/TemplateTest.java:[524,39] unchecked conversion
  required: spoon.processing.Processor<T>
  found:    spoon.test.template.testclasses.logger.LoggerTemplateProcessor
[WARNING] /root/workspace/INRIA/spoon/369997088/src/test/java/spoon/test/template/TemplateTest.java:[742,17] unchecked method invocation: constructor <init> in class spoon.test.template.testclasses.ArrayAccessTemplate is applied to given types
  required: spoon.template.TemplateParameter<spoon.reflect.code.CtBlock<?>>[]
  found: spoon.template.TemplateParameter[]
[WARNING] /root/workspace/INRIA/spoon/369997088/src/test/java/spoon/test/template/TemplateTest.java:[742,41] unchecked conversion
  required: spoon.template.TemplateParameter<spoon.reflect.code.CtBlock<?>>[]
  found:    spoon.template.TemplateParameter[]
[WARNING] /root/workspace/INRIA/spoon/369997088/src/test/java/spoon/test/template/TemplateTest.java:[789,47] unchecked conversion
  required: spoon.reflect.code.CtBlock<java.lang.Void>
  found:    spoon.reflect.code.CtBlock
[WARNING] /root/workspace/INRIA/spoon/369997088/src/test/java/spoon/test/position/PositionTest.java:[41,30] spoon.test.position.testclasses.FooClazz in spoon.test.position.testclasses has been deprecated
[WARNING] /root/workspace/INRIA/spoon/369997088/src/test/java/spoon/test/position/PositionTest.java:[41,63] spoon.test.position.testclasses.FooClazz in spoon.test.position.testclasses has been deprecated
[WARNING] /root/workspace/INRIA/spoon/369997088/src/test/java/spoon/test/position/PositionTest.java:[59,30] spoon.test.position.testclasses.FooClazz in spoon.test.position.testclasses has been deprecated
[WARNING] /root/workspace/INRIA/spoon/369997088/src/test/java/spoon/test/position/PositionTest.java:[98,30] spoon.test.position.testclasses.FooClazz in spoon.test.position.testclasses has been deprecated
[WARNING] /root/workspace/INRIA/spoon/369997088/src/test/java/spoon/test/position/PositionTest.java:[132,30] spoon.test.position.testclasses.FooInterface in spoon.test.position.testclasses has been deprecated
[WARNING] /root/workspace/INRIA/spoon/369997088/src/test/java/spoon/test/position/PositionTest.java:[132,67] spoon.test.position.testclasses.FooInterface in spoon.test.position.testclasses has been deprecated
[WARNING] /root/workspace/INRIA/spoon/369997088/src/test/java/spoon/test/query_function/VariableReferencesTest.java:[330,46] unchecked cast
  required: spoon.reflect.code.CtLiteral<java.lang.Integer>
  found:    spoon.reflect.code.CtExpression<capture#1 of ?>
[INFO] 
[INFO] --- maven-surefire-plugin:2.20.1:test (default-test) @ spoon-core ---
[INFO] Tests are skipped.
[INFO] 
[INFO] --- jacoco-maven-plugin:0.7.9:report (report) @ spoon-core ---
[INFO] Loading execution data file /root/workspace/INRIA/spoon/369997088/target/jacoco.exec
[INFO] Analyzed bundle 'Spoon Core' with 715 classes
[WARNING] Classes in bundle 'Spoon Core' do no match with execution data. For report generation the same class files must be used as at runtime.
[WARNING] Execution data for class spoon/support/compiler/jdt/JDTCommentBuilder does not match.
[WARNING] Execution data for class spoon/support/compiler/jdt/JDTCommentBuilder$1 does not match.
[WARNING] Execution data for class spoon/support/compiler/jdt/JDTCommentBuilder$1FindCommentParentScanner does not match.
[INFO] 
[INFO] --- maven-jar-plugin:2.5:jar (default-jar) @ spoon-core ---
[INFO] Building jar: /root/workspace/INRIA/spoon/369997088/target/spoon-core-6.3.0-SNAPSHOT.jar
[INFO] 
[INFO] --- maven-dependency-plugin:2.8:copy-dependencies (copy-dependencies) @ spoon-core ---
[INFO] system-rules-1.9.0.jar already exists in destination.
[INFO] commons-io-2.5.jar already exists in destination.
[INFO] jsap-2.1.jar already exists in destination.
[INFO] log4j-1.2.17.jar already exists in destination.
[INFO] hamcrest-core-1.3.jar already exists in destination.
[INFO] org.eclipse.jdt.core-3.13.50.v20171007-0855.jar already exists in destination.
[INFO] jackson-annotations-2.9.0.jar already exists in destination.
[INFO] commons-lang3-3.5.jar already exists in destination.
[INFO] jackson-databind-2.9.2.jar already exists in destination.
[INFO] junit-4.12.jar already exists in destination.
[INFO] jackson-core-2.9.2.jar already exists in destination.
[INFO] maven-model-3.3.9.jar already exists in destination.
[INFO] mockito-all-2.0.2-beta.jar already exists in destination.
[INFO] plexus-utils-3.0.22.jar already exists in destination.
[INFO] 
[INFO] --- maven-assembly-plugin:2.4:attached (make-assembly) @ spoon-core ---
[INFO] Building jar: /root/workspace/INRIA/spoon/369997088/target/spoon-core-6.3.0-SNAPSHOT-jar-with-dependencies.jar
[INFO] 
[INFO] --- maven-checkstyle-plugin:2.17:checkstyle (default) @ spoon-core ---
[INFO] 
[INFO] --- maven-install-plugin:2.4:install (default-install) @ spoon-core ---
[INFO] Installing /root/workspace/INRIA/spoon/369997088/target/spoon-core-6.3.0-SNAPSHOT.jar to /root/./workspace/INRIA/spoon/369997088/.m2/fr/inria/gforge/spoon/spoon-core/6.3.0-SNAPSHOT/spoon-core-6.3.0-SNAPSHOT.jar
[INFO] Installing /root/workspace/INRIA/spoon/369997088/pom.xml to /root/./workspace/INRIA/spoon/369997088/.m2/fr/inria/gforge/spoon/spoon-core/6.3.0-SNAPSHOT/spoon-core-6.3.0-SNAPSHOT.pom
[INFO] Installing /root/workspace/INRIA/spoon/369997088/target/spoon-core-6.3.0-SNAPSHOT-jar-with-dependencies.jar to /root/./workspace/INRIA/spoon/369997088/.m2/fr/inria/gforge/spoon/spoon-core/6.3.0-SNAPSHOT/spoon-core-6.3.0-SNAPSHOT-jar-with-dependencies.jar
[INFO] ------------------------------------------------------------------------
[INFO] BUILD SUCCESS
[INFO] ------------------------------------------------------------------------
[INFO] Total time: 16.001 s
[INFO] Finished at: 2018-06-06T14:28:52+02:00
[INFO] Final Memory: 83M/1385M
[INFO] ------------------------------------------------------------------------
